app/build/intermediates/manifest_merge_blame_file/release/manifest-merger-blame-release-report.txt
1<?xml version="1.0" encoding="utf-8"?>
2<manifest xmlns:android="http://schemas.android.com/apk/res/android"
3    package="com.example.myapplication"
4    android:versionCode="1"
5    android:versionName="1.0" >
6
7    <uses-sdk
8        android:minSdkVersion="21"
8-->src\main\AndroidManifest.xml
9        android:targetSdkVersion="32" />
9-->src\main\AndroidManifest.xml
10
11    <uses-permission android:name="android.permission.INTERNET" />
11-->src\main\AndroidManifest.xml:6:5-67
11-->src\main\AndroidManifest.xml:6:22-64
12    <uses-permission android:name="android.permission.ACCESS_NETWORK_STATE" />
12-->[com.google.firebase:firebase-auth:21.1.0] AndroidManifest.xml:24:5-79
12-->[com.google.firebase:firebase-auth:21.1.0] AndroidManifest.xml:24:22-76
13    <uses-permission android:name="android.permission.WAKE_LOCK" />
13-->[com.google.android.gms:play-services-measurement-api:21.2.0] AndroidManifest.xml:24:5-68
13-->[com.google.android.gms:play-services-measurement-api:21.2.0] AndroidManifest.xml:24:22-65
14    <uses-permission android:name="com.google.android.gms.permission.AD_ID" />
14-->[com.google.android.gms:play-services-measurement-api:21.2.0] AndroidManifest.xml:25:5-79
14-->[com.google.android.gms:play-services-measurement-api:21.2.0] AndroidManifest.xml:25:22-76
15    <uses-permission android:name="com.google.android.finsky.permission.BIND_GET_INSTALL_REFERRER_SERVICE" />
15-->[com.google.android.gms:play-services-measurement:21.2.0] AndroidManifest.xml:26:5-110
15-->[com.google.android.gms:play-services-measurement:21.2.0] AndroidManifest.xml:26:22-107
16
17    <application
17-->src\main\AndroidManifest.xml:8:5-39:19
18        android:allowBackup="true"
18-->src\main\AndroidManifest.xml:9:9-35
19        android:appComponentFactory="androidx.core.app.CoreComponentFactory"
19-->[androidx.core:core:1.8.0] AndroidManifest.xml:24:18-86
20        android:dataExtractionRules="@xml/data_extraction_rules"
20-->src\main\AndroidManifest.xml:10:9-65
21        android:fullBackupContent="@xml/backup_rules"
21-->src\main\AndroidManifest.xml:11:9-54
22        android:icon="@mipmap/ic_launcher"
22-->src\main\AndroidManifest.xml:12:9-43
23        android:label="@string/app_name"
23-->src\main\AndroidManifest.xml:13:9-41
24        android:roundIcon="@mipmap/ic_launcher_round"
24-->src\main\AndroidManifest.xml:14:9-54
25        android:supportsRtl="true"
25-->src\main\AndroidManifest.xml:15:9-35
26        android:theme="@style/Theme.MyApplication" >
26-->src\main\AndroidManifest.xml:16:9-51
27        <activity
27-->src\main\AndroidManifest.xml:18:9-20:40
28            android:name="com.example.myapplication.Add_MainActivity"
28-->src\main\AndroidManifest.xml:19:13-45
29            android:exported="false" />
29-->src\main\AndroidManifest.xml:20:13-37
30        <activity
30-->src\main\AndroidManifest.xml:21:9-23:40
31            android:name="com.example.myapplication.Sign_In"
31-->src\main\AndroidManifest.xml:22:13-36
32            android:exported="false" />
32-->src\main\AndroidManifest.xml:23:13-37
33        <activity
33-->src\main\AndroidManifest.xml:24:9-26:40
34            android:name="com.example.myapplication.Sign_up"
34-->src\main\AndroidManifest.xml:25:13-36
35            android:exported="false" />
35-->src\main\AndroidManifest.xml:26:13-37
36        <activity
36-->src\main\AndroidManifest.xml:27:9-29:40
37            android:name="com.example.myapplication.MainActivity"
37-->src\main\AndroidManifest.xml:28:13-41
38            android:exported="false" />
38-->src\main\AndroidManifest.xml:29:13-37
39        <activity
39-->src\main\AndroidManifest.xml:30:9-38:20
40            android:name="com.example.myapplication.Splash_MainActivity"
40-->src\main\AndroidManifest.xml:31:13-48
41            android:exported="true" >
41-->src\main\AndroidManifest.xml:32:13-36
42            <intent-filter>
42-->src\main\AndroidManifest.xml:33:13-37:29
43                <action android:name="android.intent.action.MAIN" />
43-->src\main\AndroidManifest.xml:34:17-69
43-->src\main\AndroidManifest.xml:34:25-66
44
45                <category android:name="android.intent.category.LAUNCHER" />
45-->src\main\AndroidManifest.xml:36:17-77
45-->src\main\AndroidManifest.xml:36:27-74
46            </intent-filter>
47        </activity>
48        <activity
48-->[com.google.firebase:firebase-auth:21.1.0] AndroidManifest.xml:27:9-44:20
49            android:name="com.google.firebase.auth.internal.GenericIdpActivity"
49-->[com.google.firebase:firebase-auth:21.1.0] AndroidManifest.xml:28:13-80
50            android:excludeFromRecents="true"
50-->[com.google.firebase:firebase-auth:21.1.0] AndroidManifest.xml:29:13-46
51            android:exported="true"
51-->[com.google.firebase:firebase-auth:21.1.0] AndroidManifest.xml:30:13-36
52            android:launchMode="singleTask"
52-->[com.google.firebase:firebase-auth:21.1.0] AndroidManifest.xml:31:13-44
53            android:theme="@android:style/Theme.Translucent.NoTitleBar" >
53-->[com.google.firebase:firebase-auth:21.1.0] AndroidManifest.xml:32:13-72
54            <intent-filter>
54-->[com.google.firebase:firebase-auth:21.1.0] AndroidManifest.xml:33:13-43:29
55                <action android:name="android.intent.action.VIEW" />
55-->[com.google.firebase:firebase-auth:21.1.0] AndroidManifest.xml:34:17-69
55-->[com.google.firebase:firebase-auth:21.1.0] AndroidManifest.xml:34:25-66
56
57                <category android:name="android.intent.category.DEFAULT" />
57-->[com.google.firebase:firebase-auth:21.1.0] AndroidManifest.xml:36:17-76
57-->[com.google.firebase:firebase-auth:21.1.0] AndroidManifest.xml:36:27-73
58                <category android:name="android.intent.category.BROWSABLE" />
58-->[com.google.firebase:firebase-auth:21.1.0] AndroidManifest.xml:37:17-78
58-->[com.google.firebase:firebase-auth:21.1.0] AndroidManifest.xml:37:27-75
59
60                <data
60-->[com.google.firebase:firebase-auth:21.1.0] AndroidManifest.xml:39:17-42:51
61                    android:host="firebase.auth"
61-->[com.google.firebase:firebase-auth:21.1.0] AndroidManifest.xml:40:21-49
62                    android:path="/"
62-->[com.google.firebase:firebase-auth:21.1.0] AndroidManifest.xml:41:21-37
63                    android:scheme="genericidp" />
63-->[com.google.firebase:firebase-auth:21.1.0] AndroidManifest.xml:42:21-48
64            </intent-filter>
65        </activity>
66        <activity
66-->[com.google.firebase:firebase-auth:21.1.0] AndroidManifest.xml:45:9-62:20
67            android:name="com.google.firebase.auth.internal.RecaptchaActivity"
67-->[com.google.firebase:firebase-auth:21.1.0] AndroidManifest.xml:46:13-79
68            android:excludeFromRecents="true"
68-->[com.google.firebase:firebase-auth:21.1.0] AndroidManifest.xml:47:13-46
69            android:exported="true"
69-->[com.google.firebase:firebase-auth:21.1.0] AndroidManifest.xml:48:13-36
70            android:launchMode="singleTask"
70-->[com.google.firebase:firebase-auth:21.1.0] AndroidManifest.xml:49:13-44
71            android:theme="@android:style/Theme.Translucent.NoTitleBar" >
71-->[com.google.firebase:firebase-auth:21.1.0] AndroidManifest.xml:50:13-72
72            <intent-filter>
72-->[com.google.firebase:firebase-auth:21.1.0] AndroidManifest.xml:51:13-61:29
73                <action android:name="android.intent.action.VIEW" />
73-->[com.google.firebase:firebase-auth:21.1.0] AndroidManifest.xml:34:17-69
73-->[com.google.firebase:firebase-auth:21.1.0] AndroidManifest.xml:34:25-66
74
75                <category android:name="android.intent.category.DEFAULT" />
75-->[com.google.firebase:firebase-auth:21.1.0] AndroidManifest.xml:36:17-76
75-->[com.google.firebase:firebase-auth:21.1.0] AndroidManifest.xml:36:27-73
76                <category android:name="android.intent.category.BROWSABLE" />
76-->[com.google.firebase:firebase-auth:21.1.0] AndroidManifest.xml:37:17-78
76-->[com.google.firebase:firebase-auth:21.1.0] AndroidManifest.xml:37:27-75
77
78                <data
78-->[com.google.firebase:firebase-auth:21.1.0] AndroidManifest.xml:39:17-42:51
79                    android:host="firebase.auth"
79-->[com.google.firebase:firebase-auth:21.1.0] AndroidManifest.xml:40:21-49
80                    android:path="/"
80-->[com.google.firebase:firebase-auth:21.1.0] AndroidManifest.xml:41:21-37
81                    android:scheme="recaptcha" />
81-->[com.google.firebase:firebase-auth:21.1.0] AndroidManifest.xml:42:21-48
82            </intent-filter>
83        </activity>
84
85        <service
85-->[com.google.firebase:firebase-auth:21.1.0] AndroidManifest.xml:64:9-70:19
86            android:name="com.google.firebase.components.ComponentDiscoveryService"
86-->[com.google.firebase:firebase-auth:21.1.0] AndroidManifest.xml:65:13-84
87            android:directBootAware="true"
87-->[com.google.firebase:firebase-common:20.2.0] AndroidManifest.xml:34:13-43
88            android:exported="false" >
88-->[com.google.firebase:firebase-auth:21.1.0] AndroidManifest.xml:66:13-37
89            <meta-data
89-->[com.google.firebase:firebase-auth:21.1.0] AndroidManifest.xml:67:13-69:85
90                android:name="com.google.firebase.components:com.google.firebase.auth.FirebaseAuthRegistrar"
90-->[com.google.firebase:firebase-auth:21.1.0] AndroidManifest.xml:68:17-109
91                android:value="com.google.firebase.components.ComponentRegistrar" />
91-->[com.google.firebase:firebase-auth:21.1.0] AndroidManifest.xml:69:17-82
92            <meta-data
92-->[com.google.firebase:firebase-database:20.1.0] AndroidManifest.xml:31:13-33:85
93                android:name="com.google.firebase.components:com.google.firebase.database.DatabaseRegistrar"
93-->[com.google.firebase:firebase-database:20.1.0] AndroidManifest.xml:32:17-109
94                android:value="com.google.firebase.components.ComponentRegistrar" />
94-->[com.google.firebase:firebase-database:20.1.0] AndroidManifest.xml:33:17-82
95            <meta-data
95-->[com.google.android.gms:play-services-measurement-api:21.2.0] AndroidManifest.xml:31:13-33:85
96                android:name="com.google.firebase.components:com.google.firebase.analytics.connector.internal.AnalyticsConnectorRegistrar"
96-->[com.google.android.gms:play-services-measurement-api:21.2.0] AndroidManifest.xml:32:17-139
97                android:value="com.google.firebase.components.ComponentRegistrar" />
97-->[com.google.android.gms:play-services-measurement-api:21.2.0] AndroidManifest.xml:33:17-82
98            <meta-data
98-->[com.google.firebase:firebase-installations:17.1.0] AndroidManifest.xml:17:13-19:85
99                android:name="com.google.firebase.components:com.google.firebase.installations.FirebaseInstallationsRegistrar"
99-->[com.google.firebase:firebase-installations:17.1.0] AndroidManifest.xml:18:17-127
100                android:value="com.google.firebase.components.ComponentRegistrar" />
100-->[com.google.firebase:firebase-installations:17.1.0] AndroidManifest.xml:19:17-82
101        </service>
102
103        <provider
103-->[com.google.firebase:firebase-common:20.2.0] AndroidManifest.xml:25:9-30:39
104            android:name="com.google.firebase.provider.FirebaseInitProvider"
104-->[com.google.firebase:firebase-common:20.2.0] AndroidManifest.xml:26:13-77
105            android:authorities="com.example.myapplication.firebaseinitprovider"
105-->[com.google.firebase:firebase-common:20.2.0] AndroidManifest.xml:27:13-72
106            android:directBootAware="true"
106-->[com.google.firebase:firebase-common:20.2.0] AndroidManifest.xml:28:13-43
107            android:exported="false"
107-->[com.google.firebase:firebase-common:20.2.0] AndroidManifest.xml:29:13-37
108            android:initOrder="100" />
108-->[com.google.firebase:firebase-common:20.2.0] AndroidManifest.xml:30:13-36
109
110        <activity
110-->[com.google.android.gms:play-services-base:18.0.1] AndroidManifest.xml:20:9-22:45
111            android:name="com.google.android.gms.common.api.GoogleApiActivity"
111-->[com.google.android.gms:play-services-base:18.0.1] AndroidManifest.xml:20:19-85
112            android:exported="false"
112-->[com.google.android.gms:play-services-base:18.0.1] AndroidManifest.xml:22:19-43
113            android:theme="@android:style/Theme.Translucent.NoTitleBar" />
113-->[com.google.android.gms:play-services-base:18.0.1] AndroidManifest.xml:21:19-78
114
115        <receiver
115-->[com.google.android.gms:play-services-measurement:21.2.0] AndroidManifest.xml:29:9-33:20
116            android:name="com.google.android.gms.measurement.AppMeasurementReceiver"
116-->[com.google.android.gms:play-services-measurement:21.2.0] AndroidManifest.xml:30:13-85
117            android:enabled="true"
117-->[com.google.android.gms:play-services-measurement:21.2.0] AndroidManifest.xml:31:13-35
118            android:exported="false" >
118-->[com.google.android.gms:play-services-measurement:21.2.0] AndroidManifest.xml:32:13-37
119        </receiver>
120
121        <service
121-->[com.google.android.gms:play-services-measurement:21.2.0] AndroidManifest.xml:35:9-38:40
122            android:name="com.google.android.gms.measurement.AppMeasurementService"
122-->[com.google.android.gms:play-services-measurement:21.2.0] AndroidManifest.xml:36:13-84
123            android:enabled="true"
123-->[com.google.android.gms:play-services-measurement:21.2.0] AndroidManifest.xml:37:13-35
124            android:exported="false" />
124-->[com.google.android.gms:play-services-measurement:21.2.0] AndroidManifest.xml:38:13-37
125        <service
125-->[com.google.android.gms:play-services-measurement:21.2.0] AndroidManifest.xml:39:9-43:72
126            android:name="com.google.android.gms.measurement.AppMeasurementJobService"
126-->[com.google.android.gms:play-services-measurement:21.2.0] AndroidManifest.xml:40:13-87
127            android:enabled="true"
127-->[com.google.android.gms:play-services-measurement:21.2.0] AndroidManifest.xml:41:13-35
128            android:exported="false"
128-->[com.google.android.gms:play-services-measurement:21.2.0] AndroidManifest.xml:42:13-37
129            android:permission="android.permission.BIND_JOB_SERVICE" />
129-->[com.google.android.gms:play-services-measurement:21.2.0] AndroidManifest.xml:43:13-69
130
131        <meta-data
131-->[com.google.android.gms:play-services-basement:18.1.0] AndroidManifest.xml:21:9-23:69
132            android:name="com.google.android.gms.version"
132-->[com.google.android.gms:play-services-basement:18.1.0] AndroidManifest.xml:22:13-58
133            android:value="@integer/google_play_services_version" />
133-->[com.google.android.gms:play-services-basement:18.1.0] AndroidManifest.xml:23:13-66
134
135        <provider
135-->[androidx.emoji2:emoji2:1.2.0] AndroidManifest.xml:24:9-32:20
136            android:name="androidx.startup.InitializationProvider"
136-->[androidx.emoji2:emoji2:1.2.0] AndroidManifest.xml:25:13-67
137            android:authorities="com.example.myapplication.androidx-startup"
137-->[androidx.emoji2:emoji2:1.2.0] AndroidManifest.xml:26:13-68
138            android:exported="false" >
138-->[androidx.emoji2:emoji2:1.2.0] AndroidManifest.xml:27:13-37
139            <meta-data
139-->[androidx.emoji2:emoji2:1.2.0] AndroidManifest.xml:29:13-31:52
140                android:name="androidx.emoji2.text.EmojiCompatInitializer"
140-->[androidx.emoji2:emoji2:1.2.0] AndroidManifest.xml:30:17-75
141                android:value="androidx.startup" />
141-->[androidx.emoji2:emoji2:1.2.0] AndroidManifest.xml:31:17-49
142            <meta-data
142-->[androidx.lifecycle:lifecycle-process:2.4.1] AndroidManifest.xml:31:13-33:52
143                android:name="androidx.lifecycle.ProcessLifecycleInitializer"
143-->[androidx.lifecycle:lifecycle-process:2.4.1] AndroidManifest.xml:32:17-78
144                android:value="androidx.startup" />
144-->[androidx.lifecycle:lifecycle-process:2.4.1] AndroidManifest.xml:33:17-49
145        </provider>
146    </application>
147
148</manifest>